0	1	mikroCARM.exe -MSF -DBG -pSTM32F107VC -BIN -LHF -DL -SSA -O11111114 -fo72 -N"D:\Clicks_git\G\GNSS_4_Click\SW\example\c\ARM\STM\Click_GNSS4_STM.mcpar" -SP"C:\Users\Public\Documents\Mikroelektronika\mikroC PRO for ARM\Defs\" -SP"C:\Users\Public\Documents\Mikroelektronika\mikroC PRO for ARM\Uses\ST M3\" -SP"D:\Clicks_git\G\GNSS_4_Click\SW\example\c\ARM\STM\" -SP"D:\Clicks_git\G\GNSS_4_Click\SW\library\HAL\" -SP"D:\Clicks_git\G\GNSS_4_Click\SW\library\" -SP"C:\Users\Public\Documents\Mikroelektronika\mikroC PRO for ARM\Packages\mikroBUS Board Definition API\Uses\" -IP"C:\Users\Public\Documents\Mikroelektronika\mikroC PRO for ARM\Uses\TI M3\" -IP"D:\Clicks_git\G\GNSS_4_Click\SW\example\c\ARM\STM\" -IP"D:\Clicks_git\G\GNSS_4_Click\SW\library\" -IP"D:\Clicks_git\G\GNSS_4_Click\SW\library\HAL\" -IP"C:\Users\Public\Documents\Mikroelektronika\mikroC PRO for ARM\Packages\mikroBUS Board Definition API\Uses\" "Click_GNSS4_STM.c" "__gnss4_driver.c" "__Lib_Math.emcl" "__Lib_MathDouble.emcl" "__Lib_Delays.emcl" "__Lib_System_105_107.emcl" "__Lib_GPIO_32F10x_Defs.emcl" "__Lib_GPIO_32F10x.emcl" "__Lib_CString.emcl" "__Lib_Conversions.emcl" "__Lib_UART_123_45.emcl" "easymx_v7_STM32F107VC.emcl" "Click_GNSS4.pld"	 
diagnostics: 0	122	Compilation Started	STM32F107VC.c
diagnostics: 38838	123	Compiled Successfully	STM32F107VC.c
diagnostics: 0	122	Compilation Started	__Lib_Delays.c
diagnostics: 118	123	Compiled Successfully	__Lib_Delays.c
hint: 66	1164	Variable 'cycles_div_by_10' has been eliminated by optimizer	__Lib_Delays.c
hint: 87	1164	Variable 'NumberOfCyc' has been eliminated by optimizer	__Lib_Delays.c
hint: 104	1164	Variable 'NumberOfCyc' has been eliminated by optimizer	__Lib_Delays.c
diagnostics: 0	122	Compilation Started	__lib_gpio.h
diagnostics: 835	123	Compiled Successfully	__Lib_GPIO_32F10x_Defs.c
diagnostics: 0	122	Compilation Started	stdint.h
hint: 0	1004	interrupt handler (Timer_interrupt at 0x002C)	click_gnss4_timer.h
error: 27	324	Undeclared identifier 'gnss4_tick' in expression	click_gnss4_timer.h
error: 78	324	Undeclared identifier 'gnss4_uartDriverInit' in expression	Click_GNSS4_STM.c
error: 78	317	Operator '' is not applicable to these operands ''	Click_GNSS4_STM.c
error: 78	402	; expected, but ')' found	Click_GNSS4_STM.c
error: 78	424	'}' expected ';' found	Click_GNSS4_STM.c
error: 97	324	Undeclared identifier 'gnss4_process' in expression	Click_GNSS4_STM.c
error: 114	324	Undeclared identifier 'gnss4_parser' in expression	Click_GNSS4_STM.c
error: 114	307	Illegal typecast 'can not convert to pointer' ''	Click_GNSS4_STM.c
error: 134	324	Undeclared identifier 'gnss4_parser' in expression	Click_GNSS4_STM.c
error: 134	307	Illegal typecast 'can not convert to pointer' ''	Click_GNSS4_STM.c
error: 153	324	Undeclared identifier 'gnss4_parser' in expression	Click_GNSS4_STM.c
error: 153	307	Illegal typecast 'can not convert to pointer' ''	Click_GNSS4_STM.c
error: 167	312	Internal error ''	Click_GNSS4_STM.c
diagnostics: 0	122	Compilation Started	stdint.h
diagnostics: 814	123	Compiled Successfully	__gnss4_driver.c
hint: 217	1164	Variable 'tmp' has been eliminated by optimizer	__gnss4_driver.c
hint: 135	1164	Variable 'tmp' has been eliminated by optimizer	__gnss4_driver.c
hint: 284	1164	Variable 'tmp' has been eliminated by optimizer	__gnss4_driver.c
hint: 295	1164	Variable 'tmp' has been eliminated by optimizer	__gnss4_driver.c
hint: 706	1164	Variable 'tmp' has been eliminated by optimizer	__gnss4_driver.c
error: 0	102	Finished (with errors): 24 jan 2019, 09:49:05	Click_GNSS4_STM.mcpar
